<?xml version="1.0" encoding="UTF-8"?>
<testsuite xmlns:xsi="http://www.w3.org/2001/XMLSchema-instance" xsi:noNamespaceSchemaLocation="https://maven.apache.org/surefire/maven-surefire-plugin/xsd/surefire-test-report-3.0.xsd" version="3.0" name="ElementsFinisTest" time="157.982" tests="5" errors="0" skipped="0" failures="0">
  <properties>
    <property name="java.specification.version" value="17"/>
    <property name="sun.cpu.isalist" value="amd64"/>
    <property name="sun.jnu.encoding" value="Cp1252"/>
    <property name="sun.awt.enableExtraMouseButtons" value="true"/>
    <property name="java.class.path" value="C:\Users\JD\Documents\NetBeansProjects\ElementsFinis\target\test-classes;C:\Users\JD\Documents\NetBeansProjects\ElementsFinis\target\classes;C:\Users\JD\.m2\repository\org\jfree\jfreechart\1.5.3\jfreechart-1.5.3.jar;C:\Users\JD\.m2\repository\org\math\plot\JMathPlot\20070905\JMathPlot-20070905.jar;C:\Users\JD\.m2\repository\org\junit\jupiter\junit-jupiter-api\5.10.3\junit-jupiter-api-5.10.3.jar;C:\Users\JD\.m2\repository\org\opentest4j\opentest4j\1.3.0\opentest4j-1.3.0.jar;C:\Users\JD\.m2\repository\org\junit\platform\junit-platform-commons\1.10.3\junit-platform-commons-1.10.3.jar;C:\Users\JD\.m2\repository\org\apiguardian\apiguardian-api\1.1.2\apiguardian-api-1.1.2.jar;"/>
    <property name="java.vm.vendor" value="Oracle Corporation"/>
    <property name="sun.arch.data.model" value="64"/>
    <property name="user.variant" value=""/>
    <property name="java.vendor.url" value="https://java.oracle.com/"/>
    <property name="user.timezone" value="Africa/Douala"/>
    <property name="os.name" value="Windows 10"/>
    <property name="java.vm.specification.version" value="17"/>
    <property name="user.country" value="CM"/>
    <property name="sun.java.launcher" value="SUN_STANDARD"/>
    <property name="sun.boot.library.path" value="C:\Program Files\Java\jdk-17\bin"/>
    <property name="sun.java.command" value="C:\Users\JD\AppData\Local\Temp\surefire6866664103788433289\surefirebooter-20250319142337048_3.jar C:\Users\JD\AppData\Local\Temp\surefire6866664103788433289 2025-03-19T14-23-36_787-jvmRun1 surefire-20250319142337048_1tmp surefire_0-20250319142337048_2tmp"/>
    <property name="jdk.debug" value="release"/>
    <property name="surefire.test.class.path" value="C:\Users\JD\Documents\NetBeansProjects\ElementsFinis\target\test-classes;C:\Users\JD\Documents\NetBeansProjects\ElementsFinis\target\classes;C:\Users\JD\.m2\repository\org\jfree\jfreechart\1.5.3\jfreechart-1.5.3.jar;C:\Users\JD\.m2\repository\org\math\plot\JMathPlot\20070905\JMathPlot-20070905.jar;C:\Users\JD\.m2\repository\org\junit\jupiter\junit-jupiter-api\5.10.3\junit-jupiter-api-5.10.3.jar;C:\Users\JD\.m2\repository\org\opentest4j\opentest4j\1.3.0\opentest4j-1.3.0.jar;C:\Users\JD\.m2\repository\org\junit\platform\junit-platform-commons\1.10.3\junit-platform-commons-1.10.3.jar;C:\Users\JD\.m2\repository\org\apiguardian\apiguardian-api\1.1.2\apiguardian-api-1.1.2.jar;"/>
    <property name="sun.cpu.endian" value="little"/>
    <property name="user.home" value="C:\Users\JD"/>
    <property name="user.language" value="fr"/>
    <property name="java.specification.vendor" value="Oracle Corporation"/>
    <property name="java.version.date" value="2024-04-16"/>
    <property name="java.home" value="C:\Program Files\Java\jdk-17"/>
    <property name="file.separator" value="\"/>
    <property name="basedir" value="C:\Users\JD\Documents\NetBeansProjects\ElementsFinis"/>
    <property name="java.vm.compressedOopsMode" value="32-bit"/>
    <property name="line.separator" value="&#10;"/>
    <property name="java.vm.specification.vendor" value="Oracle Corporation"/>
    <property name="java.specification.name" value="Java Platform API Specification"/>
    <property name="surefire.real.class.path" value="C:\Users\JD\AppData\Local\Temp\surefire6866664103788433289\surefirebooter-20250319142337048_3.jar"/>
    <property name="user.script" value=""/>
    <property name="sun.management.compiler" value="HotSpot 64-Bit Tiered Compilers"/>
    <property name="java.runtime.version" value="17.0.11+7-LTS-207"/>
    <property name="user.name" value="JD"/>
    <property name="path.separator" value=";"/>
    <property name="os.version" value="10.0"/>
    <property name="java.runtime.name" value="Java(TM) SE Runtime Environment"/>
    <property name="file.encoding" value="UTF-8"/>
    <property name="java.vm.name" value="Java HotSpot(TM) 64-Bit Server VM"/>
    <property name="maven.ext.class.path" value="C:\Program Files\NetBeans-18\netbeans\java\maven-nblib\netbeans-eventspy.jar;C:\Program Files\NetBeans-18\netbeans\java\maven-nblib\netbeans-eventspy.jar"/>
    <property name="localRepository" value="C:\Users\JD\.m2\repository"/>
    <property name="java.vendor.url.bug" value="https://bugreport.java.com/bugreport/"/>
    <property name="java.io.tmpdir" value="C:\Users\JD\AppData\Local\Temp\"/>
    <property name="java.version" value="17.0.11"/>
    <property name="user.dir" value="C:\Users\JD\Documents\NetBeansProjects\ElementsFinis"/>
    <property name="os.arch" value="amd64"/>
    <property name="java.vm.specification.name" value="Java Virtual Machine Specification"/>
    <property name="sun.os.patch.level" value=""/>
    <property name="native.encoding" value="Cp1252"/>
    <property name="java.library.path" value="C:\Program Files\Java\jdk-17\bin;C:\Windows\Sun\Java\bin;C:\Windows\system32;C:\Windows;C:\Python312\Scripts\;C:\Python312\;C:\Users\JD\Documents\Python311\Scripts\;C:\Users\JD\Documents\Python311\;C:\Program Files\Common Files\Oracle\Java\javapath;C:\Windows\system32;C:\Windows;C:\Windows\System32\Wbem;C:\Windows\System32\WindowsPowerShell\v1.0\;C:\Windows\System32\OpenSSH\;C:\Program Files\Docker\Docker\resources\bin;C:\Program Files\Microsoft VS Code\bin;C:\Program Files\swipl\bin;C:\ProgramData\chocolatey\bin;C:\Program Files\CodeBlocks\MinGW\bin;C:\Users\JD\AppData\Roaming\Python\Python312\Scripts;C:\Program Files\Git\cmd;C:\Users\JD\AppData\Roaming\nvm;C:\Program Files\nodejs;C:\Users\JD\AppData\Roaming\nvm;C:\ProgramData\ComposerSetup\bin;C:\Users\JD\Documents\4GI_presentiel\Semestre1\grammaires_et_langages\sablecc-3.7\bin;C:\Users\JD\Documents\4GI_presentiel\Semestre1\grammaires_et_langages\sablecc-3.7\lib;C:\wamp64\bin\php\php8.3.6;C:\Users\JD\Documents\4GI_presentiel\Semestre2\SMA_Projet_Syst_Exp\jade;C:\Users\JD\AppData\Local\Microsoft\WindowsApps;C:\Program Files\JetBrains\IntelliJ IDEA Community Edition 2020.1.4\bin;;C:\Users\JD\AppData\Roaming\npm;C:\Users\JD\AppData\Roaming\nvm;C:\Program Files\nodejs;C:\Users\JD\AppData\Roaming\Composer\vendor\bin;."/>
    <property name="java.vm.info" value="mixed mode, sharing"/>
    <property name="java.vendor" value="Oracle Corporation"/>
    <property name="java.vm.version" value="17.0.11+7-LTS-207"/>
    <property name="sun.io.unicode.encoding" value="UnicodeLittle"/>
    <property name="java.class.version" value="61.0"/>
  </properties>
  <testcase name="differencesFiniesTest1" classname="ElementsFinisTest" time="31.986">
    <system-out><![CDATA[Tests avec u(x) = 1
Cas avec 320 points entre 0 et 1
Erreur de calcul: 3.985700658404312E-14
-------------------------------------------------------------
Le fichier existe déjà.
Image enregistrée.
Le fichier existe déjà.
Image enregistrée.
]]></system-out>
    <system-err><![CDATA[Exception in thread "AWT-EventQueue-0" java.lang.IllegalStateException: We should never get here.
	at org.jfree.chart.axis.NumberTickUnitSource.next(NumberTickUnitSource.java:146)
	at org.jfree.chart.axis.NumberTickUnitSource.getCeilingTickUnit(NumberTickUnitSource.java:121)
	at org.jfree.chart.axis.NumberAxis.selectVerticalAutoTickUnit(NumberAxis.java:837)
	at org.jfree.chart.axis.NumberAxis.selectAutoTickUnit(NumberAxis.java:760)
	at org.jfree.chart.axis.NumberAxis.refreshTicksVertical(NumberAxis.java:989)
	at org.jfree.chart.axis.NumberAxis.refreshTicks(NumberAxis.java:869)
	at org.jfree.chart.axis.ValueAxis.reserveSpace(ValueAxis.java:730)
	at org.jfree.chart.plot.XYPlot.calculateRangeAxisSpace(XYPlot.java:2785)
	at org.jfree.chart.plot.XYPlot.calculateAxisSpace(XYPlot.java:2696)
	at org.jfree.chart.plot.XYPlot.draw(XYPlot.java:2840)
	at org.jfree.chart.JFreeChart.draw(JFreeChart.java:1160)
	at org.jfree.chart.ChartPanel.paintComponent(ChartPanel.java:1452)
	at java.desktop/javax.swing.JComponent.paint(JComponent.java:1119)
	at java.desktop/javax.swing.JComponent.paintChildren(JComponent.java:952)
	at java.desktop/javax.swing.JComponent.paint(JComponent.java:1128)
	at java.desktop/javax.swing.JComponent.paintChildren(JComponent.java:952)
	at java.desktop/javax.swing.JComponent.paint(JComponent.java:1128)
	at java.desktop/javax.swing.JLayeredPane.paint(JLayeredPane.java:586)
	at java.desktop/javax.swing.JComponent.paintChildren(JComponent.java:952)
	at java.desktop/javax.swing.JComponent.paintToOffscreen(JComponent.java:5318)
	at java.desktop/javax.swing.RepaintManager$PaintManager.paintDoubleBufferedImpl(RepaintManager.java:1657)
	at java.desktop/javax.swing.RepaintManager$PaintManager.paintDoubleBuffered(RepaintManager.java:1632)
	at java.desktop/javax.swing.RepaintManager$PaintManager.paint(RepaintManager.java:1570)
	at java.desktop/javax.swing.RepaintManager.paint(RepaintManager.java:1337)
	at java.desktop/javax.swing.JComponent.paint(JComponent.java:1105)
	at java.desktop/java.awt.GraphicsCallback$PaintCallback.run(GraphicsCallback.java:39)
	at java.desktop/sun.awt.SunGraphicsCallback.runOneComponent(SunGraphicsCallback.java:75)
	at java.desktop/sun.awt.SunGraphicsCallback.runComponents(SunGraphicsCallback.java:112)
	at java.desktop/java.awt.Container.paint(Container.java:2005)
	at java.desktop/java.awt.Window.paint(Window.java:3959)
	at java.desktop/javax.swing.RepaintManager$4.run(RepaintManager.java:890)
	at java.desktop/javax.swing.RepaintManager$4.run(RepaintManager.java:862)
	at java.base/java.security.AccessController.doPrivileged(AccessController.java:399)
	at java.base/java.security.ProtectionDomain$JavaSecurityAccessImpl.doIntersectionPrivilege(ProtectionDomain.java:86)
	at java.desktop/javax.swing.RepaintManager.paintDirtyRegions(RepaintManager.java:862)
	at java.desktop/javax.swing.RepaintManager.paintDirtyRegions(RepaintManager.java:835)
	at java.desktop/javax.swing.RepaintManager.prePaintDirtyRegions(RepaintManager.java:784)
	at java.desktop/javax.swing.RepaintManager$ProcessingRunnable.run(RepaintManager.java:1898)
	at java.desktop/java.awt.event.InvocationEvent.dispatch(InvocationEvent.java:318)
	at java.desktop/java.awt.EventQueue.dispatchEventImpl(EventQueue.java:771)
	at java.desktop/java.awt.EventQueue$4.run(EventQueue.java:722)
	at java.desktop/java.awt.EventQueue$4.run(EventQueue.java:716)
	at java.base/java.security.AccessController.doPrivileged(AccessController.java:399)
	at java.base/java.security.ProtectionDomain$JavaSecurityAccessImpl.doIntersectionPrivilege(ProtectionDomain.java:86)
	at java.desktop/java.awt.EventQueue.dispatchEvent(EventQueue.java:741)
	at java.desktop/java.awt.EventDispatchThread.pumpOneEventForFilters(EventDispatchThread.java:203)
	at java.desktop/java.awt.EventDispatchThread.pumpEventsForFilter(EventDispatchThread.java:124)
	at java.desktop/java.awt.EventDispatchThread.pumpEventsForHierarchy(EventDispatchThread.java:113)
	at java.desktop/java.awt.EventDispatchThread.pumpEvents(EventDispatchThread.java:109)
	at java.desktop/java.awt.EventDispatchThread.pumpEvents(EventDispatchThread.java:101)
	at java.desktop/java.awt.EventDispatchThread.run(EventDispatchThread.java:90)
]]></system-err>
  </testcase>
  <testcase name="differencesFiniesTest2" classname="ElementsFinisTest" time="31.254">
    <system-out><![CDATA[Tests avec u(x) = x
Cas avec 320 points entre 0 et 1
Erreur de calcul: 1.6042722705833512E-14
-------------------------------------------------------------
Le fichier existe déjà.
Image enregistrée.
Le fichier existe déjà.
Image enregistrée.
]]></system-out>
  </testcase>
  <testcase name="differencesFiniesTest3" classname="ElementsFinisTest" time="32.076">
    <system-out><![CDATA[Tests avec f(x) = x^2
Cas avec 320 points entre 0 et 1
Erreur de calcul: 9.658940314238862E-15
-------------------------------------------------------------
Le fichier existe déjà.
Image enregistrée.
Le fichier existe déjà.
Image enregistrée.
]]></system-out>
  </testcase>
  <testcase name="differencesFiniesTest4" classname="ElementsFinisTest" time="31.189">
    <system-out><![CDATA[Tests avec f(x) = x^3
Cas avec 320 points entre 0 et 1
Erreur de calcul: 4.107825191113079E-15
-------------------------------------------------------------
Le fichier existe déjà.
Image enregistrée.
Le fichier existe déjà.
Image enregistrée.
]]></system-out>
  </testcase>
  <testcase name="differencesFiniesTest5" classname="ElementsFinisTest" time="31.417">
    <system-out><![CDATA[Tests avec f(x) = sin(pi*x)
Cas avec 320 points entre 0 et 1
Erreur de calcul: 7.981882180985167E-6
---------------------------------------------
Le fichier existe déjà.
Image enregistrée.
Le fichier existe déjà.
Image enregistrée.
]]></system-out>
  </testcase>
</testsuite>