<?xml version="1.0" encoding="UTF-8"?>
<testsuite xmlns:xsi="http://www.w3.org/2001/XMLSchema-instance" xsi:noNamespaceSchemaLocation="https://maven.apache.org/surefire/maven-surefire-plugin/xsd/surefire-test-report-3.0.xsd" version="3.0" name="ElementsFinisTest" time="155.29" tests="5" errors="0" skipped="0" failures="0">
  <properties>
    <property name="java.specification.version" value="17"/>
    <property name="sun.cpu.isalist" value="amd64"/>
    <property name="sun.jnu.encoding" value="Cp1252"/>
    <property name="sun.awt.enableExtraMouseButtons" value="true"/>
    <property name="java.class.path" value="C:\Users\JD\Documents\NetBeansProjects\ElementsFinis\target\test-classes;C:\Users\JD\Documents\NetBeansProjects\ElementsFinis\target\classes;C:\Users\JD\.m2\repository\org\jfree\jfreechart\1.5.3\jfreechart-1.5.3.jar;C:\Users\JD\.m2\repository\org\math\plot\JMathPlot\20070905\JMathPlot-20070905.jar;C:\Users\JD\.m2\repository\org\junit\jupiter\junit-jupiter-api\5.10.3\junit-jupiter-api-5.10.3.jar;C:\Users\JD\.m2\repository\org\opentest4j\opentest4j\1.3.0\opentest4j-1.3.0.jar;C:\Users\JD\.m2\repository\org\junit\platform\junit-platform-commons\1.10.3\junit-platform-commons-1.10.3.jar;C:\Users\JD\.m2\repository\org\apiguardian\apiguardian-api\1.1.2\apiguardian-api-1.1.2.jar;"/>
    <property name="java.vm.vendor" value="Oracle Corporation"/>
    <property name="sun.arch.data.model" value="64"/>
    <property name="user.variant" value=""/>
    <property name="java.vendor.url" value="https://java.oracle.com/"/>
    <property name="user.timezone" value="Africa/Douala"/>
    <property name="os.name" value="Windows 10"/>
    <property name="java.vm.specification.version" value="17"/>
    <property name="user.country" value="CM"/>
    <property name="sun.java.launcher" value="SUN_STANDARD"/>
    <property name="sun.boot.library.path" value="C:\Program Files\Java\jdk-17\bin"/>
    <property name="sun.java.command" value="C:\Users\JD\AppData\Local\Temp\surefire4381194240572257618\surefirebooter-20250319122358303_3.jar C:\Users\JD\AppData\Local\Temp\surefire4381194240572257618 2025-03-19T12-23-58_045-jvmRun1 surefire-20250319122358303_1tmp surefire_0-20250319122358303_2tmp"/>
    <property name="jdk.debug" value="release"/>
    <property name="surefire.test.class.path" value="C:\Users\JD\Documents\NetBeansProjects\ElementsFinis\target\test-classes;C:\Users\JD\Documents\NetBeansProjects\ElementsFinis\target\classes;C:\Users\JD\.m2\repository\org\jfree\jfreechart\1.5.3\jfreechart-1.5.3.jar;C:\Users\JD\.m2\repository\org\math\plot\JMathPlot\20070905\JMathPlot-20070905.jar;C:\Users\JD\.m2\repository\org\junit\jupiter\junit-jupiter-api\5.10.3\junit-jupiter-api-5.10.3.jar;C:\Users\JD\.m2\repository\org\opentest4j\opentest4j\1.3.0\opentest4j-1.3.0.jar;C:\Users\JD\.m2\repository\org\junit\platform\junit-platform-commons\1.10.3\junit-platform-commons-1.10.3.jar;C:\Users\JD\.m2\repository\org\apiguardian\apiguardian-api\1.1.2\apiguardian-api-1.1.2.jar;"/>
    <property name="sun.cpu.endian" value="little"/>
    <property name="user.home" value="C:\Users\JD"/>
    <property name="user.language" value="fr"/>
    <property name="java.specification.vendor" value="Oracle Corporation"/>
    <property name="java.version.date" value="2024-04-16"/>
    <property name="java.home" value="C:\Program Files\Java\jdk-17"/>
    <property name="file.separator" value="\"/>
    <property name="basedir" value="C:\Users\JD\Documents\NetBeansProjects\ElementsFinis"/>
    <property name="java.vm.compressedOopsMode" value="32-bit"/>
    <property name="line.separator" value="&#10;"/>
    <property name="java.vm.specification.vendor" value="Oracle Corporation"/>
    <property name="java.specification.name" value="Java Platform API Specification"/>
    <property name="surefire.real.class.path" value="C:\Users\JD\AppData\Local\Temp\surefire4381194240572257618\surefirebooter-20250319122358303_3.jar"/>
    <property name="user.script" value=""/>
    <property name="sun.management.compiler" value="HotSpot 64-Bit Tiered Compilers"/>
    <property name="java.runtime.version" value="17.0.11+7-LTS-207"/>
    <property name="user.name" value="JD"/>
    <property name="path.separator" value=";"/>
    <property name="os.version" value="10.0"/>
    <property name="java.runtime.name" value="Java(TM) SE Runtime Environment"/>
    <property name="file.encoding" value="UTF-8"/>
    <property name="java.vm.name" value="Java HotSpot(TM) 64-Bit Server VM"/>
    <property name="maven.ext.class.path" value="C:\Program Files\NetBeans-18\netbeans\java\maven-nblib\netbeans-eventspy.jar"/>
    <property name="localRepository" value="C:\Users\JD\.m2\repository"/>
    <property name="java.vendor.url.bug" value="https://bugreport.java.com/bugreport/"/>
    <property name="java.io.tmpdir" value="C:\Users\JD\AppData\Local\Temp\"/>
    <property name="java.version" value="17.0.11"/>
    <property name="user.dir" value="C:\Users\JD\Documents\NetBeansProjects\ElementsFinis"/>
    <property name="os.arch" value="amd64"/>
    <property name="java.vm.specification.name" value="Java Virtual Machine Specification"/>
    <property name="sun.os.patch.level" value=""/>
    <property name="native.encoding" value="Cp1252"/>
    <property name="java.library.path" value="C:\Program Files\Java\jdk-17\bin;C:\Windows\Sun\Java\bin;C:\Windows\system32;C:\Windows;C:\Python312\Scripts\;C:\Python312\;C:\Users\JD\Documents\Python311\Scripts\;C:\Users\JD\Documents\Python311\;C:\Program Files\Common Files\Oracle\Java\javapath;C:\Windows\system32;C:\Windows;C:\Windows\System32\Wbem;C:\Windows\System32\WindowsPowerShell\v1.0\;C:\Windows\System32\OpenSSH\;C:\Program Files\Docker\Docker\resources\bin;C:\Program Files\Microsoft VS Code\bin;C:\Program Files\swipl\bin;C:\ProgramData\chocolatey\bin;C:\Program Files\CodeBlocks\MinGW\bin;C:\Users\JD\AppData\Roaming\Python\Python312\Scripts;C:\Program Files\Git\cmd;C:\Users\JD\AppData\Roaming\nvm;C:\Program Files\nodejs;C:\Users\JD\AppData\Roaming\nvm;C:\ProgramData\ComposerSetup\bin;C:\Users\JD\Documents\4GI_presentiel\Semestre1\grammaires_et_langages\sablecc-3.7\bin;C:\Users\JD\Documents\4GI_presentiel\Semestre1\grammaires_et_langages\sablecc-3.7\lib;C:\wamp64\bin\php\php8.3.6;C:\Users\JD\Documents\4GI_presentiel\Semestre2\SMA_Projet_Syst_Exp\jade;C:\Users\JD\AppData\Local\Microsoft\WindowsApps;C:\Program Files\JetBrains\IntelliJ IDEA Community Edition 2020.1.4\bin;;C:\Users\JD\AppData\Roaming\npm;C:\Users\JD\AppData\Roaming\nvm;C:\Program Files\nodejs;C:\Users\JD\AppData\Roaming\Composer\vendor\bin;."/>
    <property name="java.vm.info" value="mixed mode, sharing"/>
    <property name="java.vendor" value="Oracle Corporation"/>
    <property name="java.vm.version" value="17.0.11+7-LTS-207"/>
    <property name="sun.io.unicode.encoding" value="UnicodeLittle"/>
    <property name="java.class.version" value="61.0"/>
  </properties>
  <testcase name="differencesFiniesTest1" classname="ElementsFinisTest" time="31.477">
    <system-out><![CDATA[Tests avec u(x) = 1
Cas avec 320 points entre 0 et 1
Erreur de calcul: 3.985700658404312E-14
-------------------------------------------------------------
]]></system-out>
  </testcase>
  <testcase name="differencesFiniesTest2" classname="ElementsFinisTest" time="30.966">
    <system-out><![CDATA[Tests avec u(x) = x
Cas avec 320 points entre 0 et 1
Erreur de calcul: 0.0031152647975131176
-------------------------------------------------------------
]]></system-out>
  </testcase>
  <testcase name="differencesFiniesTest3" classname="ElementsFinisTest" time="30.913">
    <system-out><![CDATA[Tests avec f(x) = x^2
Cas avec 320 points entre 0 et 1
Erreur de calcul: 0.006220824720268192
-------------------------------------------------------------
]]></system-out>
  </testcase>
  <testcase name="differencesFiniesTest4" classname="ElementsFinisTest" time="30.971">
    <system-out><![CDATA[Tests avec f(x) = x^3
Cas avec 320 points entre 0 et 1
Erreur de calcul: 0.7691992905576993
-------------------------------------------------------------
]]></system-out>
  </testcase>
  <testcase name="differencesFiniesTest5" classname="ElementsFinisTest" time="30.897">
    <system-out><![CDATA[Tests avec f(x) = sin(pi*x)
Cas avec 320 points entre 0 et 1
Erreur de calcul: 1.9986501234264291
---------------------------------------------
]]></system-out>
  </testcase>
</testsuite>